<?xml version="1.0" encoding="UTF-8"?>
<!-- Generated by org.testng.reporters.JUnitReportReporter -->
<testsuite hostname="DESKTOP-KUUKU2N" failures="0" tests="4" name="APITest.E_Commerse" time="14.495" errors="0" timestamp="2021-12-01T12:03:44 IST" skipped="1">
  <testcase classname="APITest.E_Commerse" name="login" time="8.588"/>
  <system-out/>
  <testcase classname="APITest.E_Commerse" name="allusers" time="4.132"/>
  <system-out/>
  <testcase classname="APITest.E_Commerse" name="del" time="1.775"/>
  <system-out/>
  <testcase classname="APITest.E_Commerse" name="signup">
    <skipped/>
  </testcase> <!-- signup -->
  <system-out/>
</testsuite> <!-- APITest.E_Commerse -->
