<?xml version="1.0" encoding="UTF-8"?>
<!-- Generated by org.testng.reporters.JUnitReportReporter -->
<testsuite hostname="DESKTOP-KUUKU2N" failures="0" tests="2" name="APITest.trel" time="5.277" errors="0" timestamp="2021-11-30T11:15:12 IST" skipped="0">
  <testcase classname="APITest.trel" name="testcase1" time="4.640"/>
  <system-out/>
  <testcase classname="APITest.trel" name="createboard" time="0.637"/>
  <system-out/>
</testsuite> <!-- APITest.trel -->
