<?xml version="1.0" encoding="UTF-8"?>
<!-- Generated by org.testng.reporters.JUnitReportReporter -->
<testsuite hostname="DESKTOP-KUUKU2N" failures="0" tests="1" name="APITest.Demo_TestNG" time="0.018" errors="0" timestamp="2021-11-25T13:01:22 IST" skipped="0">
  <testcase classname="APITest.Demo_TestNG" name="Texst" time="0.018"/>
  <system-out/>
</testsuite> <!-- APITest.Demo_TestNG -->
