<?xml version="1.0" encoding="UTF-8"?>
<!-- Generated by org.testng.reporters.JUnitReportReporter -->
<testsuite hostname="DESKTOP-KUUKU2N" failures="0" tests="1" name="APITest.dEMO2_tESTNG" time="0.005" errors="0" timestamp="2021-11-25T13:01:22 IST" skipped="0">
  <testcase classname="APITest.dEMO2_tESTNG" name="Texst2" time="0.005"/>
  <system-out/>
</testsuite> <!-- APITest.dEMO2_tESTNG -->
